  TestScene.cpp
vorbisfile_static_d.lib(vorbisfile.obj) : warning LNK4075: '/EDITANDCONTINUE'이(가) '/OPT:ICF' 사양으로 인해 무시됩니다.
LINK : warning LNK4098: 'LIBCMTD' defaultlib가 다른 라이브러리와 충돌합니다. /NODEFAULTLIB:library를 사용하십시오.
  코드를 생성하고 있습니다.
  29 of 1725 functions ( 1.7%) were compiled, the rest were copied from previous compilation.
    26 functions were new in current compilation
    6 functions had inline decision re-evaluated but remain unchanged
  코드를 생성했습니다.
ogg_static_d.lib(bitwise.obj) : warning LNK4099: 'vc60.pdb' PDB를 'ogg_static_d.lib(bitwise.obj)' 또는 'C:\Users\vlfkd\Desktop\RG2R_Engine\Release\vc60.pdb'에서 찾을 수 없습니다. 디버그 정보가 없는 것처럼 개체를 링크합니다.
ogg_static_d.lib(framing.obj) : warning LNK4099: 'vc60.pdb' PDB를 'ogg_static_d.lib(framing.obj)' 또는 'C:\Users\vlfkd\Desktop\RG2R_Engine\Release\vc60.pdb'에서 찾을 수 없습니다. 디버그 정보가 없는 것처럼 개체를 링크합니다.
vorbis_static_d.lib(analysis.obj) : warning LNK4099: 'vc60.pdb' PDB를 'vorbis_static_d.lib(analysis.obj)' 또는 'C:\Users\vlfkd\Desktop\RG2R_Engine\Release\vc60.pdb'에서 찾을 수 없습니다. 디버그 정보가 없는 것처럼 개체를 링크합니다.
vorbis_static_d.lib(bitrate.obj) : warning LNK4099: 'vc60.pdb' PDB를 'vorbis_static_d.lib(bitrate.obj)' 또는 'C:\Users\vlfkd\Desktop\RG2R_Engine\Release\vc60.pdb'에서 찾을 수 없습니다. 디버그 정보가 없는 것처럼 개체를 링크합니다.
vorbis_static_d.lib(block.obj) : warning LNK4099: 'vc60.pdb' PDB를 'vorbis_static_d.lib(block.obj)' 또는 'C:\Users\vlfkd\Desktop\RG2R_Engine\Release\vc60.pdb'에서 찾을 수 없습니다. 디버그 정보가 없는 것처럼 개체를 링크합니다.
vorbis_static_d.lib(codebook.obj) : warning LNK4099: 'vc60.pdb' PDB를 'vorbis_static_d.lib(codebook.obj)' 또는 'C:\Users\vlfkd\Desktop\RG2R_Engine\Release\vc60.pdb'에서 찾을 수 없습니다. 디버그 정보가 없는 것처럼 개체를 링크합니다.
vorbis_static_d.lib(envelope.obj) : warning LNK4099: 'vc60.pdb' PDB를 'vorbis_static_d.lib(envelope.obj)' 또는 'C:\Users\vlfkd\Desktop\RG2R_Engine\Release\vc60.pdb'에서 찾을 수 없습니다. 디버그 정보가 없는 것처럼 개체를 링크합니다.
vorbis_static_d.lib(floor0.obj) : warning LNK4099: 'vc60.pdb' PDB를 'vorbis_static_d.lib(floor0.obj)' 또는 'C:\Users\vlfkd\Desktop\RG2R_Engine\Release\vc60.pdb'에서 찾을 수 없습니다. 디버그 정보가 없는 것처럼 개체를 링크합니다.
vorbis_static_d.lib(floor1.obj) : warning LNK4099: 'vc60.pdb' PDB를 'vorbis_static_d.lib(floor1.obj)' 또는 'C:\Users\vlfkd\Desktop\RG2R_Engine\Release\vc60.pdb'에서 찾을 수 없습니다. 디버그 정보가 없는 것처럼 개체를 링크합니다.
vorbis_static_d.lib(info.obj) : warning LNK4099: 'vc60.pdb' PDB를 'vorbis_static_d.lib(info.obj)' 또는 'C:\Users\vlfkd\Desktop\RG2R_Engine\Release\vc60.pdb'에서 찾을 수 없습니다. 디버그 정보가 없는 것처럼 개체를 링크합니다.
vorbis_static_d.lib(lpc.obj) : warning LNK4099: 'vc60.pdb' PDB를 'vorbis_static_d.lib(lpc.obj)' 또는 'C:\Users\vlfkd\Desktop\RG2R_Engine\Release\vc60.pdb'에서 찾을 수 없습니다. 디버그 정보가 없는 것처럼 개체를 링크합니다.
vorbis_static_d.lib(lsp.obj) : warning LNK4099: 'vc60.pdb' PDB를 'vorbis_static_d.lib(lsp.obj)' 또는 'C:\Users\vlfkd\Desktop\RG2R_Engine\Release\vc60.pdb'에서 찾을 수 없습니다. 디버그 정보가 없는 것처럼 개체를 링크합니다.
vorbis_static_d.lib(mapping0.obj) : warning LNK4099: 'vc60.pdb' PDB를 'vorbis_static_d.lib(mapping0.obj)' 또는 'C:\Users\vlfkd\Desktop\RG2R_Engine\Release\vc60.pdb'에서 찾을 수 없습니다. 디버그 정보가 없는 것처럼 개체를 링크합니다.
vorbis_static_d.lib(mdct.obj) : warning LNK4099: 'vc60.pdb' PDB를 'vorbis_static_d.lib(mdct.obj)' 또는 'C:\Users\vlfkd\Desktop\RG2R_Engine\Release\vc60.pdb'에서 찾을 수 없습니다. 디버그 정보가 없는 것처럼 개체를 링크합니다.
vorbis_static_d.lib(psy.obj) : warning LNK4099: 'vc60.pdb' PDB를 'vorbis_static_d.lib(psy.obj)' 또는 'C:\Users\vlfkd\Desktop\RG2R_Engine\Release\vc60.pdb'에서 찾을 수 없습니다. 디버그 정보가 없는 것처럼 개체를 링크합니다.
vorbis_static_d.lib(registry.obj) : warning LNK4099: 'vc60.pdb' PDB를 'vorbis_static_d.lib(registry.obj)' 또는 'C:\Users\vlfkd\Desktop\RG2R_Engine\Release\vc60.pdb'에서 찾을 수 없습니다. 디버그 정보가 없는 것처럼 개체를 링크합니다.
vorbis_static_d.lib(res0.obj) : warning LNK4099: 'vc60.pdb' PDB를 'vorbis_static_d.lib(res0.obj)' 또는 'C:\Users\vlfkd\Desktop\RG2R_Engine\Release\vc60.pdb'에서 찾을 수 없습니다. 디버그 정보가 없는 것처럼 개체를 링크합니다.
vorbis_static_d.lib(sharedbook.obj) : warning LNK4099: 'vc60.pdb' PDB를 'vorbis_static_d.lib(sharedbook.obj)' 또는 'C:\Users\vlfkd\Desktop\RG2R_Engine\Release\vc60.pdb'에서 찾을 수 없습니다. 디버그 정보가 없는 것처럼 개체를 링크합니다.
vorbis_static_d.lib(smallft.obj) : warning LNK4099: 'vc60.pdb' PDB를 'vorbis_static_d.lib(smallft.obj)' 또는 'C:\Users\vlfkd\Desktop\RG2R_Engine\Release\vc60.pdb'에서 찾을 수 없습니다. 디버그 정보가 없는 것처럼 개체를 링크합니다.
vorbis_static_d.lib(synthesis.obj) : warning LNK4099: 'vc60.pdb' PDB를 'vorbis_static_d.lib(synthesis.obj)' 또는 'C:\Users\vlfkd\Desktop\RG2R_Engine\Release\vc60.pdb'에서 찾을 수 없습니다. 디버그 정보가 없는 것처럼 개체를 링크합니다.
vorbis_static_d.lib(window.obj) : warning LNK4099: 'vc60.pdb' PDB를 'vorbis_static_d.lib(window.obj)' 또는 'C:\Users\vlfkd\Desktop\RG2R_Engine\Release\vc60.pdb'에서 찾을 수 없습니다. 디버그 정보가 없는 것처럼 개체를 링크합니다.
vorbisfile_static_d.lib(vorbisfile.obj) : warning LNK4099: 'vc60.pdb' PDB를 'vorbisfile_static_d.lib(vorbisfile.obj)' 또는 'C:\Users\vlfkd\Desktop\RG2R_Engine\Release\vc60.pdb'에서 찾을 수 없습니다. 디버그 정보가 없는 것처럼 개체를 링크합니다.
  RG2R_Engine.vcxproj -> C:\Users\vlfkd\Desktop\RG2R_Engine\Release\RG2R_Engine.exe
